<?xml version="1.0" encoding="UTF-8"?>
<testng-results ignored="2" total="5" passed="3" failed="0" skipped="0">
  <reporter-output>
  </reporter-output>
  <suite started-at="2022-02-08T09:48:26 IST" name="Suite" finished-at="2022-02-08T09:48:38 IST" duration-ms="11721">
    <groups>
      <group name="cucumber">
        <method signature="AbstractTestNGCucumberTests.runScenario(io.cucumber.testng.PickleWrapper,io.cucumber.testng.FeatureWrapper)[pri:0, instance:com.salesforce.testcases.TC001_Login_Cucumber@49438269]" name="runScenario" class="io.cucumber.testng.AbstractTestNGCucumberTests"/>
        <method signature="AbstractTestNGCucumberTests.runScenario(io.cucumber.testng.PickleWrapper,io.cucumber.testng.FeatureWrapper)[pri:0, instance:com.salesforce.testcases.TC002_CreateLead_Cucumber@24aed80c]" name="runScenario" class="io.cucumber.testng.AbstractTestNGCucumberTests"/>
      </group> <!-- cucumber -->
    </groups>
    <test started-at="2022-02-08T09:48:26 IST" name="Test" finished-at="2022-02-08T09:48:38 IST" duration-ms="11721">
      <class name="com.salesforce.testcases.TC002_CreateLead_Cucumber">
        <test-method is-config="true" signature="setValues()[pri:0, instance:com.salesforce.testcases.TC002_CreateLead_Cucumber@24aed80c]" started-at="2022-02-08T09:48:26 IST" name="setValues" finished-at="2022-02-08T09:48:26 IST" duration-ms="0" status="PASS">
          <reporter-output>
          </reporter-output>
        </test-method> <!-- setValues -->
        <test-method is-config="true" signature="setUpClass(org.testng.ITestContext)[pri:0, instance:com.salesforce.testcases.TC002_CreateLead_Cucumber@24aed80c]" started-at="2022-02-08T09:48:32 IST" name="setUpClass" finished-at="2022-02-08T09:48:32 IST" duration-ms="13" status="PASS">
          <params>
            <param index="0">
              <value>
                <![CDATA[org.testng.TestRunner@4899799b]]>
              </value>
            </param>
          </params>
          <reporter-output>
          </reporter-output>
        </test-method> <!-- setUpClass -->
        <test-method is-config="true" signature="startTestCase()[pri:0, instance:com.salesforce.testcases.TC002_CreateLead_Cucumber@24aed80c]" started-at="2022-02-08T09:48:32 IST" name="startTestCase" finished-at="2022-02-08T09:48:32 IST" duration-ms="0" status="PASS">
          <reporter-output>
          </reporter-output>
        </test-method> <!-- startTestCase -->
        <test-method is-config="true" signature="preCondition()[pri:0, instance:com.salesforce.testcases.TC002_CreateLead_Cucumber@24aed80c]" started-at="2022-02-08T09:48:32 IST" name="preCondition" finished-at="2022-02-08T09:48:34 IST" duration-ms="1449" status="PASS">
          <reporter-output>
          </reporter-output>
        </test-method> <!-- preCondition -->
        <test-method signature="runScenario(io.cucumber.testng.PickleWrapper,io.cucumber.testng.FeatureWrapper)[pri:0, instance:com.salesforce.testcases.TC002_CreateLead_Cucumber@24aed80c]" started-at="2022-02-08T09:48:34 IST" name="runScenario" description="Runs Cucumber Scenarios" data-provider="scenarios" finished-at="2022-02-08T09:48:35 IST" duration-ms="1215" status="PASS">
          <params>
            <param index="0">
              <value>
                <![CDATA["CreateLead with positive data"]]>
              </value>
            </param>
            <param index="1">
              <value>
                <![CDATA["Optional[Login salesforce]"]]>
              </value>
            </param>
          </params>
          <reporter-output>
          </reporter-output>
        </test-method> <!-- runScenario -->
        <test-method is-config="true" signature="postCondition()[pri:0, instance:com.salesforce.testcases.TC002_CreateLead_Cucumber@24aed80c]" started-at="2022-02-08T09:48:35 IST" name="postCondition" finished-at="2022-02-08T09:48:35 IST" duration-ms="161" status="PASS">
          <reporter-output>
          </reporter-output>
        </test-method> <!-- postCondition -->
        <test-method is-config="true" signature="preCondition()[pri:0, instance:com.salesforce.testcases.TC002_CreateLead_Cucumber@24aed80c]" started-at="2022-02-08T09:48:35 IST" name="preCondition" finished-at="2022-02-08T09:48:37 IST" duration-ms="1511" status="PASS">
          <reporter-output>
          </reporter-output>
        </test-method> <!-- preCondition -->
        <test-method signature="runScenario(io.cucumber.testng.PickleWrapper,io.cucumber.testng.FeatureWrapper)[pri:0, instance:com.salesforce.testcases.TC002_CreateLead_Cucumber@24aed80c]" started-at="2022-02-08T09:48:37 IST" name="runScenario" description="Runs Cucumber Scenarios" data-provider="scenarios" finished-at="2022-02-08T09:48:38 IST" duration-ms="1245" status="PASS">
          <params>
            <param index="0">
              <value>
                <![CDATA["CreateLead with negative data"]]>
              </value>
            </param>
            <param index="1">
              <value>
                <![CDATA["Optional[Login salesforce]"]]>
              </value>
            </param>
          </params>
          <reporter-output>
          </reporter-output>
        </test-method> <!-- runScenario -->
        <test-method is-config="true" signature="postCondition()[pri:0, instance:com.salesforce.testcases.TC002_CreateLead_Cucumber@24aed80c]" started-at="2022-02-08T09:48:38 IST" name="postCondition" finished-at="2022-02-08T09:48:38 IST" duration-ms="143" status="PASS">
          <reporter-output>
          </reporter-output>
        </test-method> <!-- postCondition -->
        <test-method is-config="true" signature="tearDownClass()[pri:0, instance:com.salesforce.testcases.TC002_CreateLead_Cucumber@24aed80c]" started-at="2022-02-08T09:48:38 IST" name="tearDownClass" finished-at="2022-02-08T09:48:38 IST" duration-ms="2" status="PASS">
          <reporter-output>
          </reporter-output>
        </test-method> <!-- tearDownClass -->
      </class> <!-- com.salesforce.testcases.TC002_CreateLead_Cucumber -->
      <class name="com.salesforce.testcases.TC001_Login_Cucumber">
        <test-method is-config="true" signature="startReport()[pri:0, instance:com.salesforce.testcases.TC001_Login_Cucumber@49438269]" started-at="2022-02-08T09:48:26 IST" name="startReport" finished-at="2022-02-08T09:48:26 IST" duration-ms="195" status="PASS">
          <reporter-output>
          </reporter-output>
        </test-method> <!-- startReport -->
        <test-method is-config="true" signature="setValues()[pri:0, instance:com.salesforce.testcases.TC001_Login_Cucumber@49438269]" started-at="2022-02-08T09:48:26 IST" name="setValues" finished-at="2022-02-08T09:48:26 IST" duration-ms="0" status="PASS">
          <reporter-output>
          </reporter-output>
        </test-method> <!-- setValues -->
        <test-method is-config="true" signature="setUpClass(org.testng.ITestContext)[pri:0, instance:com.salesforce.testcases.TC001_Login_Cucumber@49438269]" started-at="2022-02-08T09:48:26 IST" name="setUpClass" finished-at="2022-02-08T09:48:27 IST" duration-ms="182" status="PASS">
          <params>
            <param index="0">
              <value>
                <![CDATA[org.testng.TestRunner@4899799b]]>
              </value>
            </param>
          </params>
          <reporter-output>
          </reporter-output>
        </test-method> <!-- setUpClass -->
        <test-method is-config="true" signature="startTestCase()[pri:0, instance:com.salesforce.testcases.TC001_Login_Cucumber@49438269]" started-at="2022-02-08T09:48:27 IST" name="startTestCase" finished-at="2022-02-08T09:48:27 IST" duration-ms="6" status="PASS">
          <reporter-output>
          </reporter-output>
        </test-method> <!-- startTestCase -->
        <test-method is-config="true" signature="preCondition()[pri:0, instance:com.salesforce.testcases.TC001_Login_Cucumber@49438269]" started-at="2022-02-08T09:48:27 IST" name="preCondition" finished-at="2022-02-08T09:48:31 IST" duration-ms="4038" status="PASS">
          <reporter-output>
          </reporter-output>
        </test-method> <!-- preCondition -->
        <test-method signature="runScenario(io.cucumber.testng.PickleWrapper,io.cucumber.testng.FeatureWrapper)[pri:0, instance:com.salesforce.testcases.TC001_Login_Cucumber@49438269]" started-at="2022-02-08T09:48:31 IST" name="runScenario" description="Runs Cucumber Scenarios" data-provider="scenarios" finished-at="2022-02-08T09:48:32 IST" duration-ms="1504" status="PASS">
          <params>
            <param index="0">
              <value>
                <![CDATA["Login with positive data"]]>
              </value>
            </param>
            <param index="1">
              <value>
                <![CDATA["Optional[Login salesforce]"]]>
              </value>
            </param>
          </params>
          <reporter-output>
          </reporter-output>
        </test-method> <!-- runScenario -->
        <test-method is-config="true" signature="postCondition()[pri:0, instance:com.salesforce.testcases.TC001_Login_Cucumber@49438269]" started-at="2022-02-08T09:48:32 IST" name="postCondition" finished-at="2022-02-08T09:48:32 IST" duration-ms="204" status="PASS">
          <reporter-output>
          </reporter-output>
        </test-method> <!-- postCondition -->
        <test-method is-config="true" signature="tearDownClass()[pri:0, instance:com.salesforce.testcases.TC001_Login_Cucumber@49438269]" started-at="2022-02-08T09:48:32 IST" name="tearDownClass" finished-at="2022-02-08T09:48:32 IST" duration-ms="7" status="PASS">
          <reporter-output>
          </reporter-output>
        </test-method> <!-- tearDownClass -->
        <test-method is-config="true" signature="endResult()[pri:0, instance:com.salesforce.testcases.TC001_Login_Cucumber@49438269]" started-at="2022-02-08T09:48:38 IST" name="endResult" finished-at="2022-02-08T09:48:39 IST" duration-ms="712" status="PASS">
          <reporter-output>
          </reporter-output>
        </test-method> <!-- endResult -->
      </class> <!-- com.salesforce.testcases.TC001_Login_Cucumber -->
    </test> <!-- Test -->
  </suite> <!-- Suite -->
</testng-results>
